<?xml version="1.0" encoding="UTF-8"?>
<!-- Generated by org.testng.reporters.JUnitXMLReporter -->
<testsuite ignored="0" hostname="LTIN589072" failures="0" tests="6" name="Test" time="32.234" errors="0" timestamp="2025-06-19T10:31:15 IST">
  <testcase classname="fproject.EMICalculatorTests" name="testEMICalculation" time="3.751"/>
  <testcase classname="fproject.EMICalculatorTests" name="testEMICalculatorTab" time="3.424"/>
  <testcase classname="fproject.EMICalculatorTests" name="testLoanAmountCalculatorTab" time="3.585"/>
  <testcase classname="fproject.EMICalculatorTests" name="testLoanTenureCalculatorTab" time="3.858"/>
  <testcase classname="fproject.EMICalculatorTests" name="testNavigateAndExtractTable" time="6.857"/>
  <testcase classname="fproject.EMICalculatorTests" name="testExcelFileContent" time="0.087"/>
</testsuite> <!-- Test -->
